\BOOKMARK [1][-]{section*.4}{Abbildungsverzeichnis}{}% 1
\BOOKMARK [1][-]{section*.5}{Tabellenverzeichnis}{}% 2
\BOOKMARK [1][-]{section*.6}{Listingverzeichnis}{}% 3
\BOOKMARK [1][-]{section*.7}{Abkürzungsverzeichnis}{}% 4
\BOOKMARK [1][-]{section.1}{1 Introduction}{}% 5
\BOOKMARK [1][-]{section.2}{2 Background}{}% 6
\BOOKMARK [2][-]{subsection.2.1}{2.1 Supervised Learning}{section.2}% 7
\BOOKMARK [3][-]{subsubsection.2.1.1}{2.1.1 Linear Models}{subsection.2.1}% 8
\BOOKMARK [2][-]{subsection.2.2}{2.2 Neuronale Netze}{section.2}% 9
\BOOKMARK [2][-]{subsection.2.3}{2.3 Convolutional Neural Networks}{section.2}% 10
\BOOKMARK [2][-]{subsection.2.4}{2.4 Recurrent Neural Networks}{section.2}% 11
\BOOKMARK [2][-]{subsection.2.5}{2.5 Unrolling Recurrent Netowrks}{section.2}% 12
\BOOKMARK [2][-]{subsection.2.6}{2.6 Backpropagation}{section.2}% 13
\BOOKMARK [1][-]{section.3}{3 Materials and Methods}{}% 14
\BOOKMARK [2][-]{subsection.3.1}{3.1 Generatives Modell für Stimuli}{section.3}% 15
\BOOKMARK [2][-]{subsection.3.2}{3.2 Models}{section.3}% 16
\BOOKMARK [3][-]{subsubsection.3.2.1}{3.2.1 Implementation}{subsection.3.2}% 17
\BOOKMARK [3][-]{subsubsection.3.2.2}{3.2.2 Recurrent Convolution Layers}{subsection.3.2}% 18
\BOOKMARK [2][-]{subsection.3.3}{3.3 Training}{section.3}% 19
\BOOKMARK [3][-]{subsubsection.3.3.1}{3.3.1 Error Measurement}{subsection.3.3}% 20
\BOOKMARK [3][-]{subsubsection.3.3.2}{3.3.2 Backpropagation Through Time}{subsection.3.3}% 21
\BOOKMARK [2][-]{subsection.3.4}{3.4 Truncated Backpropagation Through Time}{section.3}% 22
\BOOKMARK [1][-]{section.4}{4 Ergebnisse}{}% 23
\BOOKMARK [2][-]{subsection.4.1}{4.1 Performance changes under varying levels of occlusion}{section.4}% 24
\BOOKMARK [1][-]{section.5}{5 Diskussion}{}% 25
\BOOKMARK [1][-]{section.6}{6 Danksagung}{}% 26
\BOOKMARK [1][-]{section.6}{Literaturverzeichnis}{}% 27
\BOOKMARK [1][-]{section*.8}{Anhang}{}% 28
\BOOKMARK [1][-]{section*.9}{Eidesstattliche Erklärung}{}% 29
